<?xml version="1.0" encoding="UTF-8"?>
<!-- Generated by org.testng.reporters.JUnitReportReporter -->
<testsuite skipped="0" hostname="DESKTOP-5HMC83B" name="test.test01" tests="1" failures="0" timestamp="27 Oct 2020 21:17:38 GMT" time="13.345" errors="0">
  <testcase name="test" time="13.345" classname="test.test01"/>
</testsuite> <!-- test.test01 -->
