<?xml version="1.0" encoding="UTF-8"?>
<!-- Generated by org.testng.reporters.JUnitReportReporter -->
<testsuite hostname="LAPTOP-2PIG647V" failures="0" tests="1" name="com.instagram.base.BrowserSetup" time="0.384" errors="0" timestamp="2020-10-28T02:15:24 EDT" skipped="0">
  <testcase classname="com.instagram.base.BrowserSetup" name="test_1" time="0.384"/>
  <system-out/>
</testsuite> <!-- com.instagram.base.BrowserSetup -->
