<?xml version="1.0" encoding="UTF-8"?>
<!-- Generated by org.testng.reporters.JUnitReportReporter -->
<testsuite hostname="LAPTOP-2PIG647V" failures="0" tests="1" name="com.instagram.testClasses.TestCase" time="0.417" errors="0" timestamp="2020-10-28T02:31:08 EDT" skipped="0">
  <testcase classname="com.instagram.testClasses.TestCase" name="test_1" time="0.417"/>
  <system-out/>
</testsuite> <!-- com.instagram.testClasses.TestCase -->
